2024-12-03 14:11:32,712 - DocumentProcessor - INFO - Starting application
2024-12-03 14:11:33,651 - DocumentProcessor - INFO - Looking for templates in: C:\Users\jbs\Code\AutoKvittering\src\dist\main\resources/templates
2024-12-03 14:11:33,651 - DocumentProcessor - INFO - Looking for templates in: C:\Users\jbs\Code\AutoKvittering\src\dist\main\resources/templates
2024-12-03 14:11:33,651 - DocumentProcessor - INFO - Looking for templates in: C:\Users\jbs\Code\AutoKvittering\src\dist\main\resources/templates
2024-12-03 14:11:33,651 - DocumentProcessor - INFO - Looking for templates in: C:\Users\jbs\Code\AutoKvittering\src\dist\main\resources/templates
2024-12-03 14:11:33,651 - DocumentProcessor - INFO - Looking for templates in: C:\Users\jbs\Code\AutoKvittering\src\dist\main\resources/templates
2024-12-03 14:11:33,652 - DocumentProcessor - INFO - Found templates: ['Brugeroplysninger_skabelon.docx', 'Lagermedarbejder_skabelon.docx']
2024-12-03 14:11:33,652 - DocumentProcessor - INFO - Found templates: ['Brugeroplysninger_skabelon.docx', 'Lagermedarbejder_skabelon.docx']
2024-12-03 14:11:33,652 - DocumentProcessor - INFO - Found templates: ['Brugeroplysninger_skabelon.docx', 'Lagermedarbejder_skabelon.docx']
2024-12-03 14:11:33,652 - DocumentProcessor - INFO - Found templates: ['Brugeroplysninger_skabelon.docx', 'Lagermedarbejder_skabelon.docx']
2024-12-03 14:11:33,652 - DocumentProcessor - INFO - Found templates: ['Brugeroplysninger_skabelon.docx', 'Lagermedarbejder_skabelon.docx']
2024-12-03 14:12:45,746 - DocumentProcessor - INFO - Generated new PIN
2024-12-03 14:12:45,746 - DocumentProcessor - INFO - Generated new PIN
2024-12-03 14:12:45,746 - DocumentProcessor - INFO - Generated new PIN
2024-12-03 14:12:45,746 - DocumentProcessor - INFO - Generated new PIN
2024-12-03 14:12:45,746 - DocumentProcessor - INFO - Generated new PIN
2024-12-03 14:12:45,747 - DocumentProcessor - INFO - Generated new password
2024-12-03 14:12:45,747 - DocumentProcessor - INFO - Generated new password
2024-12-03 14:12:45,747 - DocumentProcessor - INFO - Generated new password
2024-12-03 14:12:45,747 - DocumentProcessor - INFO - Generated new password
2024-12-03 14:12:45,747 - DocumentProcessor - INFO - Generated new password
2024-12-03 14:12:45,826 - DocumentProcessor - INFO - Document processed successfully: C:\Users\jbs\Code\AutoKvittering\src\dist\main\2024\December\03\Anne Søndergård.docx
2024-12-03 14:12:45,826 - DocumentProcessor - INFO - Document processed successfully: C:\Users\jbs\Code\AutoKvittering\src\dist\main\2024\December\03\Anne Søndergård.docx
2024-12-03 14:12:45,826 - DocumentProcessor - INFO - Document processed successfully: C:\Users\jbs\Code\AutoKvittering\src\dist\main\2024\December\03\Anne Søndergård.docx
2024-12-03 14:12:45,826 - DocumentProcessor - INFO - Document processed successfully: C:\Users\jbs\Code\AutoKvittering\src\dist\main\2024\December\03\Anne Søndergård.docx
2024-12-03 14:12:45,826 - DocumentProcessor - INFO - Document processed successfully: C:\Users\jbs\Code\AutoKvittering\src\dist\main\2024\December\03\Anne Søndergård.docx
