2024-11-18 15:47:45,856 - DocumentProcessor - INFO - Starting application
2024-11-18 15:47:46,082 - DocumentProcessor - INFO - Looking for templates in: c:\Users\jbs\Code\AutoKvittering\resources/templates
2024-11-18 15:47:46,082 - DocumentProcessor - INFO - Looking for templates in: c:\Users\jbs\Code\AutoKvittering\resources/templates
2024-11-18 15:47:46,082 - DocumentProcessor - INFO - Looking for templates in: c:\Users\jbs\Code\AutoKvittering\resources/templates
2024-11-18 15:47:46,082 - DocumentProcessor - INFO - Looking for templates in: c:\Users\jbs\Code\AutoKvittering\resources/templates
2024-11-18 15:47:46,082 - DocumentProcessor - INFO - Looking for templates in: c:\Users\jbs\Code\AutoKvittering\resources/templates
2024-11-18 15:47:46,085 - DocumentProcessor - INFO - Found templates: ['Brugeroplysninger_skabelon.docx', 'Lagermedarbejder_skabelon.docx']
2024-11-18 15:47:46,085 - DocumentProcessor - INFO - Found templates: ['Brugeroplysninger_skabelon.docx', 'Lagermedarbejder_skabelon.docx']
2024-11-18 15:47:46,085 - DocumentProcessor - INFO - Found templates: ['Brugeroplysninger_skabelon.docx', 'Lagermedarbejder_skabelon.docx']
2024-11-18 15:47:46,085 - DocumentProcessor - INFO - Found templates: ['Brugeroplysninger_skabelon.docx', 'Lagermedarbejder_skabelon.docx']
2024-11-18 15:47:46,085 - DocumentProcessor - INFO - Found templates: ['Brugeroplysninger_skabelon.docx', 'Lagermedarbejder_skabelon.docx']
2024-11-18 15:47:54,474 - DocumentProcessor - INFO - Generated new PIN
2024-11-18 15:47:54,474 - DocumentProcessor - INFO - Generated new PIN
2024-11-18 15:47:54,474 - DocumentProcessor - INFO - Generated new PIN
2024-11-18 15:47:54,474 - DocumentProcessor - INFO - Generated new PIN
2024-11-18 15:47:54,474 - DocumentProcessor - INFO - Generated new PIN
2024-11-18 15:47:54,476 - DocumentProcessor - INFO - Generated new password
2024-11-18 15:47:54,476 - DocumentProcessor - INFO - Generated new password
2024-11-18 15:47:54,476 - DocumentProcessor - INFO - Generated new password
2024-11-18 15:47:54,476 - DocumentProcessor - INFO - Generated new password
2024-11-18 15:47:54,476 - DocumentProcessor - INFO - Generated new password
2024-11-18 15:47:54,526 - DocumentProcessor - INFO - Document processed successfully: C:\Users\jbs\Code\AutoKvittering\src\2024\November\18\rtet.docx
2024-11-18 15:47:54,526 - DocumentProcessor - INFO - Document processed successfully: C:\Users\jbs\Code\AutoKvittering\src\2024\November\18\rtet.docx
2024-11-18 15:47:54,526 - DocumentProcessor - INFO - Document processed successfully: C:\Users\jbs\Code\AutoKvittering\src\2024\November\18\rtet.docx
2024-11-18 15:47:54,526 - DocumentProcessor - INFO - Document processed successfully: C:\Users\jbs\Code\AutoKvittering\src\2024\November\18\rtet.docx
2024-11-18 15:47:54,526 - DocumentProcessor - INFO - Document processed successfully: C:\Users\jbs\Code\AutoKvittering\src\2024\November\18\rtet.docx
