2024-11-20 11:42:35,315 - DocumentProcessor - INFO - Starting application
2024-11-20 11:42:36,066 - DocumentProcessor - INFO - Looking for templates in: c:\Users\jbs\Code\AutoKvittering\resources/templates
2024-11-20 11:42:36,066 - DocumentProcessor - INFO - Looking for templates in: c:\Users\jbs\Code\AutoKvittering\resources/templates
2024-11-20 11:42:36,066 - DocumentProcessor - INFO - Looking for templates in: c:\Users\jbs\Code\AutoKvittering\resources/templates
2024-11-20 11:42:36,066 - DocumentProcessor - INFO - Looking for templates in: c:\Users\jbs\Code\AutoKvittering\resources/templates
2024-11-20 11:42:36,066 - DocumentProcessor - INFO - Looking for templates in: c:\Users\jbs\Code\AutoKvittering\resources/templates
2024-11-20 11:42:36,070 - DocumentProcessor - INFO - Found templates: ['Brugeroplysninger_skabelon.docx', 'Lagermedarbejder_skabelon.docx']
2024-11-20 11:42:36,070 - DocumentProcessor - INFO - Found templates: ['Brugeroplysninger_skabelon.docx', 'Lagermedarbejder_skabelon.docx']
2024-11-20 11:42:36,070 - DocumentProcessor - INFO - Found templates: ['Brugeroplysninger_skabelon.docx', 'Lagermedarbejder_skabelon.docx']
2024-11-20 11:42:36,070 - DocumentProcessor - INFO - Found templates: ['Brugeroplysninger_skabelon.docx', 'Lagermedarbejder_skabelon.docx']
2024-11-20 11:42:36,070 - DocumentProcessor - INFO - Found templates: ['Brugeroplysninger_skabelon.docx', 'Lagermedarbejder_skabelon.docx']
2024-11-20 11:43:03,408 - DocumentProcessor - INFO - Starting application
2024-11-20 11:43:03,583 - DocumentProcessor - INFO - Looking for templates in: c:\Users\jbs\Code\AutoKvittering\resources/templates
2024-11-20 11:43:03,583 - DocumentProcessor - INFO - Looking for templates in: c:\Users\jbs\Code\AutoKvittering\resources/templates
2024-11-20 11:43:03,583 - DocumentProcessor - INFO - Looking for templates in: c:\Users\jbs\Code\AutoKvittering\resources/templates
2024-11-20 11:43:03,583 - DocumentProcessor - INFO - Looking for templates in: c:\Users\jbs\Code\AutoKvittering\resources/templates
2024-11-20 11:43:03,583 - DocumentProcessor - INFO - Looking for templates in: c:\Users\jbs\Code\AutoKvittering\resources/templates
2024-11-20 11:43:03,586 - DocumentProcessor - INFO - Found templates: ['Brugeroplysninger_skabelon.docx', 'Lagermedarbejder_skabelon.docx']
2024-11-20 11:43:03,586 - DocumentProcessor - INFO - Found templates: ['Brugeroplysninger_skabelon.docx', 'Lagermedarbejder_skabelon.docx']
2024-11-20 11:43:03,586 - DocumentProcessor - INFO - Found templates: ['Brugeroplysninger_skabelon.docx', 'Lagermedarbejder_skabelon.docx']
2024-11-20 11:43:03,586 - DocumentProcessor - INFO - Found templates: ['Brugeroplysninger_skabelon.docx', 'Lagermedarbejder_skabelon.docx']
2024-11-20 11:43:03,586 - DocumentProcessor - INFO - Found templates: ['Brugeroplysninger_skabelon.docx', 'Lagermedarbejder_skabelon.docx']
2024-11-20 11:46:22,524 - DocumentProcessor - INFO - Starting application
2024-11-20 11:46:22,777 - DocumentProcessor - INFO - Looking for templates in: c:\Users\jbs\Code\AutoKvittering\resources/templates
2024-11-20 11:46:22,777 - DocumentProcessor - INFO - Looking for templates in: c:\Users\jbs\Code\AutoKvittering\resources/templates
2024-11-20 11:46:22,777 - DocumentProcessor - INFO - Looking for templates in: c:\Users\jbs\Code\AutoKvittering\resources/templates
2024-11-20 11:46:22,777 - DocumentProcessor - INFO - Looking for templates in: c:\Users\jbs\Code\AutoKvittering\resources/templates
2024-11-20 11:46:22,777 - DocumentProcessor - INFO - Looking for templates in: c:\Users\jbs\Code\AutoKvittering\resources/templates
2024-11-20 11:46:22,779 - DocumentProcessor - INFO - Found templates: ['Brugeroplysninger_skabelon.docx', 'Lagermedarbejder_skabelon.docx']
2024-11-20 11:46:22,779 - DocumentProcessor - INFO - Found templates: ['Brugeroplysninger_skabelon.docx', 'Lagermedarbejder_skabelon.docx']
2024-11-20 11:46:22,779 - DocumentProcessor - INFO - Found templates: ['Brugeroplysninger_skabelon.docx', 'Lagermedarbejder_skabelon.docx']
2024-11-20 11:46:22,779 - DocumentProcessor - INFO - Found templates: ['Brugeroplysninger_skabelon.docx', 'Lagermedarbejder_skabelon.docx']
2024-11-20 11:46:22,779 - DocumentProcessor - INFO - Found templates: ['Brugeroplysninger_skabelon.docx', 'Lagermedarbejder_skabelon.docx']
2024-11-20 11:46:29,993 - DocumentProcessor - INFO - Starting application
2024-11-20 11:46:30,199 - DocumentProcessor - INFO - Looking for templates in: c:\Users\jbs\Code\AutoKvittering\resources/templates
2024-11-20 11:46:30,199 - DocumentProcessor - INFO - Looking for templates in: c:\Users\jbs\Code\AutoKvittering\resources/templates
2024-11-20 11:46:30,199 - DocumentProcessor - INFO - Looking for templates in: c:\Users\jbs\Code\AutoKvittering\resources/templates
2024-11-20 11:46:30,199 - DocumentProcessor - INFO - Looking for templates in: c:\Users\jbs\Code\AutoKvittering\resources/templates
2024-11-20 11:46:30,199 - DocumentProcessor - INFO - Looking for templates in: c:\Users\jbs\Code\AutoKvittering\resources/templates
2024-11-20 11:46:30,202 - DocumentProcessor - INFO - Found templates: ['Brugeroplysninger_skabelon.docx', 'Lagermedarbejder_skabelon.docx']
2024-11-20 11:46:30,202 - DocumentProcessor - INFO - Found templates: ['Brugeroplysninger_skabelon.docx', 'Lagermedarbejder_skabelon.docx']
2024-11-20 11:46:30,202 - DocumentProcessor - INFO - Found templates: ['Brugeroplysninger_skabelon.docx', 'Lagermedarbejder_skabelon.docx']
2024-11-20 11:46:30,202 - DocumentProcessor - INFO - Found templates: ['Brugeroplysninger_skabelon.docx', 'Lagermedarbejder_skabelon.docx']
2024-11-20 11:46:30,202 - DocumentProcessor - INFO - Found templates: ['Brugeroplysninger_skabelon.docx', 'Lagermedarbejder_skabelon.docx']
2024-11-20 11:50:33,497 - DocumentProcessor - INFO - Starting application
2024-11-20 11:50:33,615 - DocumentProcessor - ERROR - Application error: '_tkinter.tkapp' object has no attribute 'pack_rowconfigure'
2024-11-20 11:50:33,615 - DocumentProcessor - ERROR - Application error: '_tkinter.tkapp' object has no attribute 'pack_rowconfigure'
2024-11-20 11:50:33,615 - DocumentProcessor - ERROR - Application error: '_tkinter.tkapp' object has no attribute 'pack_rowconfigure'
2024-11-20 11:50:33,615 - DocumentProcessor - ERROR - Application error: '_tkinter.tkapp' object has no attribute 'pack_rowconfigure'
2024-11-20 11:50:33,615 - DocumentProcessor - ERROR - Application error: '_tkinter.tkapp' object has no attribute 'pack_rowconfigure'
2024-11-20 11:52:16,600 - DocumentProcessor - INFO - Starting application
2024-11-20 11:52:16,749 - DocumentProcessor - ERROR - Application error: bad option "-row": must be -after, -anchor, -before, -expand, -fill, -in, -ipadx, -ipady, -padx, -pady, or -side
2024-11-20 11:52:16,749 - DocumentProcessor - ERROR - Application error: bad option "-row": must be -after, -anchor, -before, -expand, -fill, -in, -ipadx, -ipady, -padx, -pady, or -side
2024-11-20 11:52:16,749 - DocumentProcessor - ERROR - Application error: bad option "-row": must be -after, -anchor, -before, -expand, -fill, -in, -ipadx, -ipady, -padx, -pady, or -side
2024-11-20 11:52:16,749 - DocumentProcessor - ERROR - Application error: bad option "-row": must be -after, -anchor, -before, -expand, -fill, -in, -ipadx, -ipady, -padx, -pady, or -side
2024-11-20 11:52:16,749 - DocumentProcessor - ERROR - Application error: bad option "-row": must be -after, -anchor, -before, -expand, -fill, -in, -ipadx, -ipady, -padx, -pady, or -side
2024-11-20 11:52:44,659 - DocumentProcessor - INFO - Starting application
2024-11-20 11:52:44,813 - DocumentProcessor - ERROR - Application error: bad option "-row": must be -after, -anchor, -before, -expand, -fill, -in, -ipadx, -ipady, -padx, -pady, or -side
2024-11-20 11:52:44,813 - DocumentProcessor - ERROR - Application error: bad option "-row": must be -after, -anchor, -before, -expand, -fill, -in, -ipadx, -ipady, -padx, -pady, or -side
2024-11-20 11:52:44,813 - DocumentProcessor - ERROR - Application error: bad option "-row": must be -after, -anchor, -before, -expand, -fill, -in, -ipadx, -ipady, -padx, -pady, or -side
2024-11-20 11:52:44,813 - DocumentProcessor - ERROR - Application error: bad option "-row": must be -after, -anchor, -before, -expand, -fill, -in, -ipadx, -ipady, -padx, -pady, or -side
2024-11-20 11:52:44,813 - DocumentProcessor - ERROR - Application error: bad option "-row": must be -after, -anchor, -before, -expand, -fill, -in, -ipadx, -ipady, -padx, -pady, or -side
2024-11-20 11:53:49,748 - DocumentProcessor - INFO - Starting application
