2024-11-15 10:53:11,536 - DocumentProcessor - INFO - Starting application
2024-11-15 10:53:11,540 - DocumentProcessor - ERROR - Error loading theme: expected str, bytes or os.PathLike object, not dict
2024-11-15 10:53:11,540 - DocumentProcessor - ERROR - Error loading theme: expected str, bytes or os.PathLike object, not dict
2024-11-15 10:53:11,540 - DocumentProcessor - ERROR - Error loading theme: expected str, bytes or os.PathLike object, not dict
2024-11-15 10:53:11,540 - DocumentProcessor - ERROR - Error loading theme: expected str, bytes or os.PathLike object, not dict
2024-11-15 10:53:11,540 - DocumentProcessor - ERROR - Error loading theme: expected str, bytes or os.PathLike object, not dict
2024-11-15 10:53:12,271 - DocumentProcessor - INFO - Looking for templates in: c:\Users\jbs\Code\AutoKvittering\resources/templates
2024-11-15 10:53:12,271 - DocumentProcessor - INFO - Looking for templates in: c:\Users\jbs\Code\AutoKvittering\resources/templates
2024-11-15 10:53:12,271 - DocumentProcessor - INFO - Looking for templates in: c:\Users\jbs\Code\AutoKvittering\resources/templates
2024-11-15 10:53:12,271 - DocumentProcessor - INFO - Looking for templates in: c:\Users\jbs\Code\AutoKvittering\resources/templates
2024-11-15 10:53:12,271 - DocumentProcessor - INFO - Looking for templates in: c:\Users\jbs\Code\AutoKvittering\resources/templates
2024-11-15 10:53:12,275 - DocumentProcessor - INFO - Found templates: ['Brugeroplysninger_skabelon.docx', 'Lagermedarbejder_skabelon.docx']
2024-11-15 10:53:12,275 - DocumentProcessor - INFO - Found templates: ['Brugeroplysninger_skabelon.docx', 'Lagermedarbejder_skabelon.docx']
2024-11-15 10:53:12,275 - DocumentProcessor - INFO - Found templates: ['Brugeroplysninger_skabelon.docx', 'Lagermedarbejder_skabelon.docx']
2024-11-15 10:53:12,275 - DocumentProcessor - INFO - Found templates: ['Brugeroplysninger_skabelon.docx', 'Lagermedarbejder_skabelon.docx']
2024-11-15 10:53:12,275 - DocumentProcessor - INFO - Found templates: ['Brugeroplysninger_skabelon.docx', 'Lagermedarbejder_skabelon.docx']
2024-11-15 10:53:28,325 - DocumentProcessor - INFO - Generated new PIN
2024-11-15 10:53:28,325 - DocumentProcessor - INFO - Generated new PIN
2024-11-15 10:53:28,325 - DocumentProcessor - INFO - Generated new PIN
2024-11-15 10:53:28,325 - DocumentProcessor - INFO - Generated new PIN
2024-11-15 10:53:28,325 - DocumentProcessor - INFO - Generated new PIN
2024-11-15 10:53:28,327 - DocumentProcessor - INFO - Generated new password
2024-11-15 10:53:28,327 - DocumentProcessor - INFO - Generated new password
2024-11-15 10:53:28,327 - DocumentProcessor - INFO - Generated new password
2024-11-15 10:53:28,327 - DocumentProcessor - INFO - Generated new password
2024-11-15 10:53:28,327 - DocumentProcessor - INFO - Generated new password
2024-11-15 10:53:28,391 - DocumentProcessor - INFO - Document processed successfully: C:\Users\jbs\Code\AutoKvittering\2024\November\15\Test Testensen.docx
2024-11-15 10:53:28,391 - DocumentProcessor - INFO - Document processed successfully: C:\Users\jbs\Code\AutoKvittering\2024\November\15\Test Testensen.docx
2024-11-15 10:53:28,391 - DocumentProcessor - INFO - Document processed successfully: C:\Users\jbs\Code\AutoKvittering\2024\November\15\Test Testensen.docx
2024-11-15 10:53:28,391 - DocumentProcessor - INFO - Document processed successfully: C:\Users\jbs\Code\AutoKvittering\2024\November\15\Test Testensen.docx
2024-11-15 10:53:28,391 - DocumentProcessor - INFO - Document processed successfully: C:\Users\jbs\Code\AutoKvittering\2024\November\15\Test Testensen.docx
2024-11-15 10:53:28,393 - DocumentProcessor - INFO - Document created successfully
PIN: 166571
2024-11-15 10:53:28,393 - DocumentProcessor - INFO - Document created successfully
PIN: 166571
2024-11-15 10:53:28,393 - DocumentProcessor - INFO - Document created successfully
PIN: 166571
2024-11-15 10:53:28,393 - DocumentProcessor - INFO - Document created successfully
PIN: 166571
2024-11-15 10:53:28,393 - DocumentProcessor - INFO - Document created successfully
PIN: 166571
2024-11-15 11:05:56,469 - DocumentProcessor - INFO - Starting application
2024-11-15 11:05:56,470 - DocumentProcessor - ERROR - Error loading theme: expected str, bytes or os.PathLike object, not dict
2024-11-15 11:05:56,470 - DocumentProcessor - ERROR - Error loading theme: expected str, bytes or os.PathLike object, not dict
2024-11-15 11:05:56,470 - DocumentProcessor - ERROR - Error loading theme: expected str, bytes or os.PathLike object, not dict
2024-11-15 11:05:56,470 - DocumentProcessor - ERROR - Error loading theme: expected str, bytes or os.PathLike object, not dict
2024-11-15 11:05:56,470 - DocumentProcessor - ERROR - Error loading theme: expected str, bytes or os.PathLike object, not dict
2024-11-15 11:05:56,586 - DocumentProcessor - INFO - Looking for templates in: c:\Users\jbs\Code\AutoKvittering\resources/templates
2024-11-15 11:05:56,586 - DocumentProcessor - INFO - Looking for templates in: c:\Users\jbs\Code\AutoKvittering\resources/templates
2024-11-15 11:05:56,586 - DocumentProcessor - INFO - Looking for templates in: c:\Users\jbs\Code\AutoKvittering\resources/templates
2024-11-15 11:05:56,586 - DocumentProcessor - INFO - Looking for templates in: c:\Users\jbs\Code\AutoKvittering\resources/templates
2024-11-15 11:05:56,586 - DocumentProcessor - INFO - Looking for templates in: c:\Users\jbs\Code\AutoKvittering\resources/templates
2024-11-15 11:05:56,590 - DocumentProcessor - INFO - Found templates: ['Brugeroplysninger_skabelon.docx', 'Lagermedarbejder_skabelon.docx']
2024-11-15 11:05:56,590 - DocumentProcessor - INFO - Found templates: ['Brugeroplysninger_skabelon.docx', 'Lagermedarbejder_skabelon.docx']
2024-11-15 11:05:56,590 - DocumentProcessor - INFO - Found templates: ['Brugeroplysninger_skabelon.docx', 'Lagermedarbejder_skabelon.docx']
2024-11-15 11:05:56,590 - DocumentProcessor - INFO - Found templates: ['Brugeroplysninger_skabelon.docx', 'Lagermedarbejder_skabelon.docx']
2024-11-15 11:05:56,590 - DocumentProcessor - INFO - Found templates: ['Brugeroplysninger_skabelon.docx', 'Lagermedarbejder_skabelon.docx']
2024-11-15 11:06:26,686 - DocumentProcessor - INFO - Generated new PIN
2024-11-15 11:06:26,686 - DocumentProcessor - INFO - Generated new PIN
2024-11-15 11:06:26,686 - DocumentProcessor - INFO - Generated new PIN
2024-11-15 11:06:26,686 - DocumentProcessor - INFO - Generated new PIN
2024-11-15 11:06:26,686 - DocumentProcessor - INFO - Generated new PIN
2024-11-15 11:06:26,688 - DocumentProcessor - INFO - Generated new password
2024-11-15 11:06:26,688 - DocumentProcessor - INFO - Generated new password
2024-11-15 11:06:26,688 - DocumentProcessor - INFO - Generated new password
2024-11-15 11:06:26,688 - DocumentProcessor - INFO - Generated new password
2024-11-15 11:06:26,688 - DocumentProcessor - INFO - Generated new password
2024-11-15 11:06:26,741 - DocumentProcessor - INFO - Document processed successfully: C:\Users\jbs\Code\AutoKvittering\2024\November\15\Test .docx
2024-11-15 11:06:26,741 - DocumentProcessor - INFO - Document processed successfully: C:\Users\jbs\Code\AutoKvittering\2024\November\15\Test .docx
2024-11-15 11:06:26,741 - DocumentProcessor - INFO - Document processed successfully: C:\Users\jbs\Code\AutoKvittering\2024\November\15\Test .docx
2024-11-15 11:06:26,741 - DocumentProcessor - INFO - Document processed successfully: C:\Users\jbs\Code\AutoKvittering\2024\November\15\Test .docx
2024-11-15 11:06:26,741 - DocumentProcessor - INFO - Document processed successfully: C:\Users\jbs\Code\AutoKvittering\2024\November\15\Test .docx
2024-11-15 11:39:11,287 - DocumentProcessor - INFO - Starting application
2024-11-15 11:39:11,289 - DocumentProcessor - ERROR - Error loading theme: expected str, bytes or os.PathLike object, not dict
2024-11-15 11:39:11,289 - DocumentProcessor - ERROR - Error loading theme: expected str, bytes or os.PathLike object, not dict
2024-11-15 11:39:11,289 - DocumentProcessor - ERROR - Error loading theme: expected str, bytes or os.PathLike object, not dict
2024-11-15 11:39:11,289 - DocumentProcessor - ERROR - Error loading theme: expected str, bytes or os.PathLike object, not dict
2024-11-15 11:39:11,289 - DocumentProcessor - ERROR - Error loading theme: expected str, bytes or os.PathLike object, not dict
2024-11-15 11:39:11,403 - DocumentProcessor - INFO - Looking for templates in: c:\Users\jbs\Code\AutoKvittering\resources/templates
2024-11-15 11:39:11,403 - DocumentProcessor - INFO - Looking for templates in: c:\Users\jbs\Code\AutoKvittering\resources/templates
2024-11-15 11:39:11,403 - DocumentProcessor - INFO - Looking for templates in: c:\Users\jbs\Code\AutoKvittering\resources/templates
2024-11-15 11:39:11,403 - DocumentProcessor - INFO - Looking for templates in: c:\Users\jbs\Code\AutoKvittering\resources/templates
2024-11-15 11:39:11,403 - DocumentProcessor - INFO - Looking for templates in: c:\Users\jbs\Code\AutoKvittering\resources/templates
2024-11-15 11:39:11,407 - DocumentProcessor - INFO - Found templates: ['Brugeroplysninger_skabelon.docx', 'Lagermedarbejder_skabelon.docx']
2024-11-15 11:39:11,407 - DocumentProcessor - INFO - Found templates: ['Brugeroplysninger_skabelon.docx', 'Lagermedarbejder_skabelon.docx']
2024-11-15 11:39:11,407 - DocumentProcessor - INFO - Found templates: ['Brugeroplysninger_skabelon.docx', 'Lagermedarbejder_skabelon.docx']
2024-11-15 11:39:11,407 - DocumentProcessor - INFO - Found templates: ['Brugeroplysninger_skabelon.docx', 'Lagermedarbejder_skabelon.docx']
2024-11-15 11:39:11,407 - DocumentProcessor - INFO - Found templates: ['Brugeroplysninger_skabelon.docx', 'Lagermedarbejder_skabelon.docx']
2024-11-15 11:39:11,443 - DocumentProcessor - ERROR - Application error: InputField.pack() got an unexpected keyword argument 'pady'
2024-11-15 11:39:11,443 - DocumentProcessor - ERROR - Application error: InputField.pack() got an unexpected keyword argument 'pady'
2024-11-15 11:39:11,443 - DocumentProcessor - ERROR - Application error: InputField.pack() got an unexpected keyword argument 'pady'
2024-11-15 11:39:11,443 - DocumentProcessor - ERROR - Application error: InputField.pack() got an unexpected keyword argument 'pady'
2024-11-15 11:39:11,443 - DocumentProcessor - ERROR - Application error: InputField.pack() got an unexpected keyword argument 'pady'
2024-11-15 11:40:22,865 - DocumentProcessor - INFO - Starting application
2024-11-15 11:40:22,868 - DocumentProcessor - ERROR - Error loading theme: expected str, bytes or os.PathLike object, not dict
2024-11-15 11:40:22,868 - DocumentProcessor - ERROR - Error loading theme: expected str, bytes or os.PathLike object, not dict
2024-11-15 11:40:22,868 - DocumentProcessor - ERROR - Error loading theme: expected str, bytes or os.PathLike object, not dict
2024-11-15 11:40:22,868 - DocumentProcessor - ERROR - Error loading theme: expected str, bytes or os.PathLike object, not dict
2024-11-15 11:40:22,868 - DocumentProcessor - ERROR - Error loading theme: expected str, bytes or os.PathLike object, not dict
2024-11-15 11:40:22,988 - DocumentProcessor - INFO - Looking for templates in: c:\Users\jbs\Code\AutoKvittering\resources/templates
2024-11-15 11:40:22,988 - DocumentProcessor - INFO - Looking for templates in: c:\Users\jbs\Code\AutoKvittering\resources/templates
2024-11-15 11:40:22,988 - DocumentProcessor - INFO - Looking for templates in: c:\Users\jbs\Code\AutoKvittering\resources/templates
2024-11-15 11:40:22,988 - DocumentProcessor - INFO - Looking for templates in: c:\Users\jbs\Code\AutoKvittering\resources/templates
2024-11-15 11:40:22,988 - DocumentProcessor - INFO - Looking for templates in: c:\Users\jbs\Code\AutoKvittering\resources/templates
2024-11-15 11:40:22,992 - DocumentProcessor - INFO - Found templates: ['Brugeroplysninger_skabelon.docx', 'Lagermedarbejder_skabelon.docx']
2024-11-15 11:40:22,992 - DocumentProcessor - INFO - Found templates: ['Brugeroplysninger_skabelon.docx', 'Lagermedarbejder_skabelon.docx']
2024-11-15 11:40:22,992 - DocumentProcessor - INFO - Found templates: ['Brugeroplysninger_skabelon.docx', 'Lagermedarbejder_skabelon.docx']
2024-11-15 11:40:22,992 - DocumentProcessor - INFO - Found templates: ['Brugeroplysninger_skabelon.docx', 'Lagermedarbejder_skabelon.docx']
2024-11-15 11:40:22,992 - DocumentProcessor - INFO - Found templates: ['Brugeroplysninger_skabelon.docx', 'Lagermedarbejder_skabelon.docx']
2024-11-15 11:40:43,252 - DocumentProcessor - INFO - Generated new PIN
2024-11-15 11:40:43,252 - DocumentProcessor - INFO - Generated new PIN
2024-11-15 11:40:43,252 - DocumentProcessor - INFO - Generated new PIN
2024-11-15 11:40:43,252 - DocumentProcessor - INFO - Generated new PIN
2024-11-15 11:40:43,252 - DocumentProcessor - INFO - Generated new PIN
2024-11-15 11:40:43,254 - DocumentProcessor - INFO - Generated new password
2024-11-15 11:40:43,254 - DocumentProcessor - INFO - Generated new password
2024-11-15 11:40:43,254 - DocumentProcessor - INFO - Generated new password
2024-11-15 11:40:43,254 - DocumentProcessor - INFO - Generated new password
2024-11-15 11:40:43,254 - DocumentProcessor - INFO - Generated new password
2024-11-15 11:40:43,307 - DocumentProcessor - INFO - Document processed successfully: C:\Users\jbs\Code\AutoKvittering\2024\November\15\Test.docx
2024-11-15 11:40:43,307 - DocumentProcessor - INFO - Document processed successfully: C:\Users\jbs\Code\AutoKvittering\2024\November\15\Test.docx
2024-11-15 11:40:43,307 - DocumentProcessor - INFO - Document processed successfully: C:\Users\jbs\Code\AutoKvittering\2024\November\15\Test.docx
2024-11-15 11:40:43,307 - DocumentProcessor - INFO - Document processed successfully: C:\Users\jbs\Code\AutoKvittering\2024\November\15\Test.docx
2024-11-15 11:40:43,307 - DocumentProcessor - INFO - Document processed successfully: C:\Users\jbs\Code\AutoKvittering\2024\November\15\Test.docx
2024-11-15 11:42:20,555 - DocumentProcessor - INFO - Starting application
2024-11-15 11:42:20,559 - DocumentProcessor - ERROR - Error loading theme: expected str, bytes or os.PathLike object, not dict
2024-11-15 11:42:20,559 - DocumentProcessor - ERROR - Error loading theme: expected str, bytes or os.PathLike object, not dict
2024-11-15 11:42:20,559 - DocumentProcessor - ERROR - Error loading theme: expected str, bytes or os.PathLike object, not dict
2024-11-15 11:42:20,559 - DocumentProcessor - ERROR - Error loading theme: expected str, bytes or os.PathLike object, not dict
2024-11-15 11:42:20,559 - DocumentProcessor - ERROR - Error loading theme: expected str, bytes or os.PathLike object, not dict
2024-11-15 11:42:20,671 - DocumentProcessor - INFO - Looking for templates in: c:\Users\jbs\Code\AutoKvittering\resources/templates
2024-11-15 11:42:20,671 - DocumentProcessor - INFO - Looking for templates in: c:\Users\jbs\Code\AutoKvittering\resources/templates
2024-11-15 11:42:20,671 - DocumentProcessor - INFO - Looking for templates in: c:\Users\jbs\Code\AutoKvittering\resources/templates
2024-11-15 11:42:20,671 - DocumentProcessor - INFO - Looking for templates in: c:\Users\jbs\Code\AutoKvittering\resources/templates
2024-11-15 11:42:20,671 - DocumentProcessor - INFO - Looking for templates in: c:\Users\jbs\Code\AutoKvittering\resources/templates
2024-11-15 11:42:20,674 - DocumentProcessor - INFO - Found templates: ['Brugeroplysninger_skabelon.docx', 'Lagermedarbejder_skabelon.docx']
2024-11-15 11:42:20,674 - DocumentProcessor - INFO - Found templates: ['Brugeroplysninger_skabelon.docx', 'Lagermedarbejder_skabelon.docx']
2024-11-15 11:42:20,674 - DocumentProcessor - INFO - Found templates: ['Brugeroplysninger_skabelon.docx', 'Lagermedarbejder_skabelon.docx']
2024-11-15 11:42:20,674 - DocumentProcessor - INFO - Found templates: ['Brugeroplysninger_skabelon.docx', 'Lagermedarbejder_skabelon.docx']
2024-11-15 11:42:20,674 - DocumentProcessor - INFO - Found templates: ['Brugeroplysninger_skabelon.docx', 'Lagermedarbejder_skabelon.docx']
2024-11-15 11:42:24,248 - DocumentProcessor - INFO - Starting application
2024-11-15 11:42:24,251 - DocumentProcessor - ERROR - Error loading theme: expected str, bytes or os.PathLike object, not dict
2024-11-15 11:42:24,251 - DocumentProcessor - ERROR - Error loading theme: expected str, bytes or os.PathLike object, not dict
2024-11-15 11:42:24,251 - DocumentProcessor - ERROR - Error loading theme: expected str, bytes or os.PathLike object, not dict
2024-11-15 11:42:24,251 - DocumentProcessor - ERROR - Error loading theme: expected str, bytes or os.PathLike object, not dict
2024-11-15 11:42:24,251 - DocumentProcessor - ERROR - Error loading theme: expected str, bytes or os.PathLike object, not dict
2024-11-15 11:42:24,366 - DocumentProcessor - INFO - Looking for templates in: c:\Users\jbs\Code\AutoKvittering\resources/templates
2024-11-15 11:42:24,366 - DocumentProcessor - INFO - Looking for templates in: c:\Users\jbs\Code\AutoKvittering\resources/templates
2024-11-15 11:42:24,366 - DocumentProcessor - INFO - Looking for templates in: c:\Users\jbs\Code\AutoKvittering\resources/templates
2024-11-15 11:42:24,366 - DocumentProcessor - INFO - Looking for templates in: c:\Users\jbs\Code\AutoKvittering\resources/templates
2024-11-15 11:42:24,366 - DocumentProcessor - INFO - Looking for templates in: c:\Users\jbs\Code\AutoKvittering\resources/templates
2024-11-15 11:42:24,369 - DocumentProcessor - INFO - Found templates: ['Brugeroplysninger_skabelon.docx', 'Lagermedarbejder_skabelon.docx']
2024-11-15 11:42:24,369 - DocumentProcessor - INFO - Found templates: ['Brugeroplysninger_skabelon.docx', 'Lagermedarbejder_skabelon.docx']
2024-11-15 11:42:24,369 - DocumentProcessor - INFO - Found templates: ['Brugeroplysninger_skabelon.docx', 'Lagermedarbejder_skabelon.docx']
2024-11-15 11:42:24,369 - DocumentProcessor - INFO - Found templates: ['Brugeroplysninger_skabelon.docx', 'Lagermedarbejder_skabelon.docx']
2024-11-15 11:42:24,369 - DocumentProcessor - INFO - Found templates: ['Brugeroplysninger_skabelon.docx', 'Lagermedarbejder_skabelon.docx']
2024-11-15 11:43:55,346 - DocumentProcessor - INFO - Starting application
2024-11-15 11:43:55,350 - DocumentProcessor - ERROR - Error loading theme: expected str, bytes or os.PathLike object, not dict
2024-11-15 11:43:55,350 - DocumentProcessor - ERROR - Error loading theme: expected str, bytes or os.PathLike object, not dict
2024-11-15 11:43:55,350 - DocumentProcessor - ERROR - Error loading theme: expected str, bytes or os.PathLike object, not dict
2024-11-15 11:43:55,350 - DocumentProcessor - ERROR - Error loading theme: expected str, bytes or os.PathLike object, not dict
2024-11-15 11:43:55,350 - DocumentProcessor - ERROR - Error loading theme: expected str, bytes or os.PathLike object, not dict
2024-11-15 11:43:55,465 - DocumentProcessor - INFO - Looking for templates in: c:\Users\jbs\Code\AutoKvittering\resources/templates
2024-11-15 11:43:55,465 - DocumentProcessor - INFO - Looking for templates in: c:\Users\jbs\Code\AutoKvittering\resources/templates
2024-11-15 11:43:55,465 - DocumentProcessor - INFO - Looking for templates in: c:\Users\jbs\Code\AutoKvittering\resources/templates
2024-11-15 11:43:55,465 - DocumentProcessor - INFO - Looking for templates in: c:\Users\jbs\Code\AutoKvittering\resources/templates
2024-11-15 11:43:55,465 - DocumentProcessor - INFO - Looking for templates in: c:\Users\jbs\Code\AutoKvittering\resources/templates
2024-11-15 11:43:55,468 - DocumentProcessor - INFO - Found templates: ['Brugeroplysninger_skabelon.docx', 'Lagermedarbejder_skabelon.docx']
2024-11-15 11:43:55,468 - DocumentProcessor - INFO - Found templates: ['Brugeroplysninger_skabelon.docx', 'Lagermedarbejder_skabelon.docx']
2024-11-15 11:43:55,468 - DocumentProcessor - INFO - Found templates: ['Brugeroplysninger_skabelon.docx', 'Lagermedarbejder_skabelon.docx']
2024-11-15 11:43:55,468 - DocumentProcessor - INFO - Found templates: ['Brugeroplysninger_skabelon.docx', 'Lagermedarbejder_skabelon.docx']
2024-11-15 11:43:55,468 - DocumentProcessor - INFO - Found templates: ['Brugeroplysninger_skabelon.docx', 'Lagermedarbejder_skabelon.docx']
2024-11-15 11:49:55,132 - DocumentProcessor - INFO - Starting application
2024-11-15 11:49:55,135 - DocumentProcessor - ERROR - Error loading theme: expected str, bytes or os.PathLike object, not dict
2024-11-15 11:49:55,135 - DocumentProcessor - ERROR - Error loading theme: expected str, bytes or os.PathLike object, not dict
2024-11-15 11:49:55,135 - DocumentProcessor - ERROR - Error loading theme: expected str, bytes or os.PathLike object, not dict
2024-11-15 11:49:55,135 - DocumentProcessor - ERROR - Error loading theme: expected str, bytes or os.PathLike object, not dict
2024-11-15 11:49:55,135 - DocumentProcessor - ERROR - Error loading theme: expected str, bytes or os.PathLike object, not dict
2024-11-15 11:49:55,258 - DocumentProcessor - INFO - Looking for templates in: c:\Users\jbs\Code\AutoKvittering\resources/templates
2024-11-15 11:49:55,258 - DocumentProcessor - INFO - Looking for templates in: c:\Users\jbs\Code\AutoKvittering\resources/templates
2024-11-15 11:49:55,258 - DocumentProcessor - INFO - Looking for templates in: c:\Users\jbs\Code\AutoKvittering\resources/templates
2024-11-15 11:49:55,258 - DocumentProcessor - INFO - Looking for templates in: c:\Users\jbs\Code\AutoKvittering\resources/templates
2024-11-15 11:49:55,258 - DocumentProcessor - INFO - Looking for templates in: c:\Users\jbs\Code\AutoKvittering\resources/templates
2024-11-15 11:49:55,261 - DocumentProcessor - INFO - Found templates: ['Brugeroplysninger_skabelon.docx', 'Lagermedarbejder_skabelon.docx']
2024-11-15 11:49:55,261 - DocumentProcessor - INFO - Found templates: ['Brugeroplysninger_skabelon.docx', 'Lagermedarbejder_skabelon.docx']
2024-11-15 11:49:55,261 - DocumentProcessor - INFO - Found templates: ['Brugeroplysninger_skabelon.docx', 'Lagermedarbejder_skabelon.docx']
2024-11-15 11:49:55,261 - DocumentProcessor - INFO - Found templates: ['Brugeroplysninger_skabelon.docx', 'Lagermedarbejder_skabelon.docx']
2024-11-15 11:49:55,261 - DocumentProcessor - INFO - Found templates: ['Brugeroplysninger_skabelon.docx', 'Lagermedarbejder_skabelon.docx']
2024-11-15 11:49:55,287 - DocumentProcessor - ERROR - Application error: TemplateSelector.pack() got an unexpected keyword argument 'fill'
2024-11-15 11:49:55,287 - DocumentProcessor - ERROR - Application error: TemplateSelector.pack() got an unexpected keyword argument 'fill'
2024-11-15 11:49:55,287 - DocumentProcessor - ERROR - Application error: TemplateSelector.pack() got an unexpected keyword argument 'fill'
2024-11-15 11:49:55,287 - DocumentProcessor - ERROR - Application error: TemplateSelector.pack() got an unexpected keyword argument 'fill'
2024-11-15 11:49:55,287 - DocumentProcessor - ERROR - Application error: TemplateSelector.pack() got an unexpected keyword argument 'fill'
2024-11-15 11:51:07,750 - DocumentProcessor - INFO - Starting application
2024-11-15 11:51:07,752 - DocumentProcessor - ERROR - Error loading theme: expected str, bytes or os.PathLike object, not dict
2024-11-15 11:51:07,752 - DocumentProcessor - ERROR - Error loading theme: expected str, bytes or os.PathLike object, not dict
2024-11-15 11:51:07,752 - DocumentProcessor - ERROR - Error loading theme: expected str, bytes or os.PathLike object, not dict
2024-11-15 11:51:07,752 - DocumentProcessor - ERROR - Error loading theme: expected str, bytes or os.PathLike object, not dict
2024-11-15 11:51:07,752 - DocumentProcessor - ERROR - Error loading theme: expected str, bytes or os.PathLike object, not dict
2024-11-15 11:51:07,864 - DocumentProcessor - INFO - Looking for templates in: c:\Users\jbs\Code\AutoKvittering\resources/templates
2024-11-15 11:51:07,864 - DocumentProcessor - INFO - Looking for templates in: c:\Users\jbs\Code\AutoKvittering\resources/templates
2024-11-15 11:51:07,864 - DocumentProcessor - INFO - Looking for templates in: c:\Users\jbs\Code\AutoKvittering\resources/templates
2024-11-15 11:51:07,864 - DocumentProcessor - INFO - Looking for templates in: c:\Users\jbs\Code\AutoKvittering\resources/templates
2024-11-15 11:51:07,864 - DocumentProcessor - INFO - Looking for templates in: c:\Users\jbs\Code\AutoKvittering\resources/templates
2024-11-15 11:51:07,867 - DocumentProcessor - INFO - Found templates: ['Brugeroplysninger_skabelon.docx', 'Lagermedarbejder_skabelon.docx']
2024-11-15 11:51:07,867 - DocumentProcessor - INFO - Found templates: ['Brugeroplysninger_skabelon.docx', 'Lagermedarbejder_skabelon.docx']
2024-11-15 11:51:07,867 - DocumentProcessor - INFO - Found templates: ['Brugeroplysninger_skabelon.docx', 'Lagermedarbejder_skabelon.docx']
2024-11-15 11:51:07,867 - DocumentProcessor - INFO - Found templates: ['Brugeroplysninger_skabelon.docx', 'Lagermedarbejder_skabelon.docx']
2024-11-15 11:51:07,867 - DocumentProcessor - INFO - Found templates: ['Brugeroplysninger_skabelon.docx', 'Lagermedarbejder_skabelon.docx']
2024-11-15 11:51:07,892 - DocumentProcessor - ERROR - Application error: customtkinter.windows.widgets.core_widget_classes.ctk_base_class.CTkBaseClass.pack() got multiple values for keyword argument 'fill'
2024-11-15 11:51:07,892 - DocumentProcessor - ERROR - Application error: customtkinter.windows.widgets.core_widget_classes.ctk_base_class.CTkBaseClass.pack() got multiple values for keyword argument 'fill'
2024-11-15 11:51:07,892 - DocumentProcessor - ERROR - Application error: customtkinter.windows.widgets.core_widget_classes.ctk_base_class.CTkBaseClass.pack() got multiple values for keyword argument 'fill'
2024-11-15 11:51:07,892 - DocumentProcessor - ERROR - Application error: customtkinter.windows.widgets.core_widget_classes.ctk_base_class.CTkBaseClass.pack() got multiple values for keyword argument 'fill'
2024-11-15 11:51:07,892 - DocumentProcessor - ERROR - Application error: customtkinter.windows.widgets.core_widget_classes.ctk_base_class.CTkBaseClass.pack() got multiple values for keyword argument 'fill'
2024-11-15 11:52:27,243 - DocumentProcessor - INFO - Starting application
2024-11-15 11:52:27,246 - DocumentProcessor - ERROR - Error loading theme: expected str, bytes or os.PathLike object, not dict
2024-11-15 11:52:27,246 - DocumentProcessor - ERROR - Error loading theme: expected str, bytes or os.PathLike object, not dict
2024-11-15 11:52:27,246 - DocumentProcessor - ERROR - Error loading theme: expected str, bytes or os.PathLike object, not dict
2024-11-15 11:52:27,246 - DocumentProcessor - ERROR - Error loading theme: expected str, bytes or os.PathLike object, not dict
2024-11-15 11:52:27,246 - DocumentProcessor - ERROR - Error loading theme: expected str, bytes or os.PathLike object, not dict
2024-11-15 11:52:27,357 - DocumentProcessor - INFO - Looking for templates in: c:\Users\jbs\Code\AutoKvittering\resources/templates
2024-11-15 11:52:27,357 - DocumentProcessor - INFO - Looking for templates in: c:\Users\jbs\Code\AutoKvittering\resources/templates
2024-11-15 11:52:27,357 - DocumentProcessor - INFO - Looking for templates in: c:\Users\jbs\Code\AutoKvittering\resources/templates
2024-11-15 11:52:27,357 - DocumentProcessor - INFO - Looking for templates in: c:\Users\jbs\Code\AutoKvittering\resources/templates
2024-11-15 11:52:27,357 - DocumentProcessor - INFO - Looking for templates in: c:\Users\jbs\Code\AutoKvittering\resources/templates
2024-11-15 11:52:27,359 - DocumentProcessor - INFO - Found templates: ['Brugeroplysninger_skabelon.docx', 'Lagermedarbejder_skabelon.docx']
2024-11-15 11:52:27,359 - DocumentProcessor - INFO - Found templates: ['Brugeroplysninger_skabelon.docx', 'Lagermedarbejder_skabelon.docx']
2024-11-15 11:52:27,359 - DocumentProcessor - INFO - Found templates: ['Brugeroplysninger_skabelon.docx', 'Lagermedarbejder_skabelon.docx']
2024-11-15 11:52:27,359 - DocumentProcessor - INFO - Found templates: ['Brugeroplysninger_skabelon.docx', 'Lagermedarbejder_skabelon.docx']
2024-11-15 11:52:27,359 - DocumentProcessor - INFO - Found templates: ['Brugeroplysninger_skabelon.docx', 'Lagermedarbejder_skabelon.docx']
2024-11-15 14:44:35,871 - DocumentProcessor - INFO - Starting application
2024-11-15 14:44:35,874 - DocumentProcessor - ERROR - Error loading theme: expected str, bytes or os.PathLike object, not dict
2024-11-15 14:44:35,874 - DocumentProcessor - ERROR - Error loading theme: expected str, bytes or os.PathLike object, not dict
2024-11-15 14:44:35,874 - DocumentProcessor - ERROR - Error loading theme: expected str, bytes or os.PathLike object, not dict
2024-11-15 14:44:35,874 - DocumentProcessor - ERROR - Error loading theme: expected str, bytes or os.PathLike object, not dict
2024-11-15 14:44:35,874 - DocumentProcessor - ERROR - Error loading theme: expected str, bytes or os.PathLike object, not dict
2024-11-15 14:44:35,997 - DocumentProcessor - INFO - Looking for templates in: c:\Users\jbs\Code\AutoKvittering\resources/templates
2024-11-15 14:44:35,997 - DocumentProcessor - INFO - Looking for templates in: c:\Users\jbs\Code\AutoKvittering\resources/templates
2024-11-15 14:44:35,997 - DocumentProcessor - INFO - Looking for templates in: c:\Users\jbs\Code\AutoKvittering\resources/templates
2024-11-15 14:44:35,997 - DocumentProcessor - INFO - Looking for templates in: c:\Users\jbs\Code\AutoKvittering\resources/templates
2024-11-15 14:44:35,997 - DocumentProcessor - INFO - Looking for templates in: c:\Users\jbs\Code\AutoKvittering\resources/templates
2024-11-15 14:44:36,000 - DocumentProcessor - INFO - Found templates: ['Brugeroplysninger_skabelon.docx', 'Lagermedarbejder_skabelon.docx']
2024-11-15 14:44:36,000 - DocumentProcessor - INFO - Found templates: ['Brugeroplysninger_skabelon.docx', 'Lagermedarbejder_skabelon.docx']
2024-11-15 14:44:36,000 - DocumentProcessor - INFO - Found templates: ['Brugeroplysninger_skabelon.docx', 'Lagermedarbejder_skabelon.docx']
2024-11-15 14:44:36,000 - DocumentProcessor - INFO - Found templates: ['Brugeroplysninger_skabelon.docx', 'Lagermedarbejder_skabelon.docx']
2024-11-15 14:44:36,000 - DocumentProcessor - INFO - Found templates: ['Brugeroplysninger_skabelon.docx', 'Lagermedarbejder_skabelon.docx']
2024-11-15 14:54:34,460 - DocumentProcessor - INFO - Starting application
2024-11-15 14:54:34,462 - DocumentProcessor - ERROR - Error loading theme: expected str, bytes or os.PathLike object, not dict
2024-11-15 14:54:34,462 - DocumentProcessor - ERROR - Error loading theme: expected str, bytes or os.PathLike object, not dict
2024-11-15 14:54:34,462 - DocumentProcessor - ERROR - Error loading theme: expected str, bytes or os.PathLike object, not dict
2024-11-15 14:54:34,462 - DocumentProcessor - ERROR - Error loading theme: expected str, bytes or os.PathLike object, not dict
2024-11-15 14:54:34,462 - DocumentProcessor - ERROR - Error loading theme: expected str, bytes or os.PathLike object, not dict
2024-11-15 14:54:34,550 - DocumentProcessor - ERROR - Application error: module 'customtkinter' has no attribute 'CTkMenu'
2024-11-15 14:54:34,550 - DocumentProcessor - ERROR - Application error: module 'customtkinter' has no attribute 'CTkMenu'
2024-11-15 14:54:34,550 - DocumentProcessor - ERROR - Application error: module 'customtkinter' has no attribute 'CTkMenu'
2024-11-15 14:54:34,550 - DocumentProcessor - ERROR - Application error: module 'customtkinter' has no attribute 'CTkMenu'
2024-11-15 14:54:34,550 - DocumentProcessor - ERROR - Application error: module 'customtkinter' has no attribute 'CTkMenu'
2024-11-15 14:55:47,327 - DocumentProcessor - INFO - Starting application
2024-11-15 14:55:47,329 - DocumentProcessor - INFO - Custom theme loaded successfully
2024-11-15 14:55:47,329 - DocumentProcessor - INFO - Custom theme loaded successfully
2024-11-15 14:55:47,329 - DocumentProcessor - INFO - Custom theme loaded successfully
2024-11-15 14:55:47,329 - DocumentProcessor - INFO - Custom theme loaded successfully
2024-11-15 14:55:47,329 - DocumentProcessor - INFO - Custom theme loaded successfully
2024-11-15 14:55:47,468 - DocumentProcessor - INFO - Looking for templates in: c:\Users\jbs\Code\AutoKvittering\resources/templates
2024-11-15 14:55:47,468 - DocumentProcessor - INFO - Looking for templates in: c:\Users\jbs\Code\AutoKvittering\resources/templates
2024-11-15 14:55:47,468 - DocumentProcessor - INFO - Looking for templates in: c:\Users\jbs\Code\AutoKvittering\resources/templates
2024-11-15 14:55:47,468 - DocumentProcessor - INFO - Looking for templates in: c:\Users\jbs\Code\AutoKvittering\resources/templates
2024-11-15 14:55:47,468 - DocumentProcessor - INFO - Looking for templates in: c:\Users\jbs\Code\AutoKvittering\resources/templates
2024-11-15 14:55:47,470 - DocumentProcessor - INFO - Found templates: ['Brugeroplysninger_skabelon.docx', 'Lagermedarbejder_skabelon.docx']
2024-11-15 14:55:47,470 - DocumentProcessor - INFO - Found templates: ['Brugeroplysninger_skabelon.docx', 'Lagermedarbejder_skabelon.docx']
2024-11-15 14:55:47,470 - DocumentProcessor - INFO - Found templates: ['Brugeroplysninger_skabelon.docx', 'Lagermedarbejder_skabelon.docx']
2024-11-15 14:55:47,470 - DocumentProcessor - INFO - Found templates: ['Brugeroplysninger_skabelon.docx', 'Lagermedarbejder_skabelon.docx']
2024-11-15 14:55:47,470 - DocumentProcessor - INFO - Found templates: ['Brugeroplysninger_skabelon.docx', 'Lagermedarbejder_skabelon.docx']
2024-11-15 14:57:26,299 - DocumentProcessor - INFO - Starting application
2024-11-15 14:57:26,302 - DocumentProcessor - INFO - Custom theme loaded successfully
2024-11-15 14:57:26,302 - DocumentProcessor - INFO - Custom theme loaded successfully
2024-11-15 14:57:26,302 - DocumentProcessor - INFO - Custom theme loaded successfully
2024-11-15 14:57:26,302 - DocumentProcessor - INFO - Custom theme loaded successfully
2024-11-15 14:57:26,302 - DocumentProcessor - INFO - Custom theme loaded successfully
2024-11-15 14:57:26,436 - DocumentProcessor - INFO - Looking for templates in: c:\Users\jbs\Code\AutoKvittering\resources/templates
2024-11-15 14:57:26,436 - DocumentProcessor - INFO - Looking for templates in: c:\Users\jbs\Code\AutoKvittering\resources/templates
2024-11-15 14:57:26,436 - DocumentProcessor - INFO - Looking for templates in: c:\Users\jbs\Code\AutoKvittering\resources/templates
2024-11-15 14:57:26,436 - DocumentProcessor - INFO - Looking for templates in: c:\Users\jbs\Code\AutoKvittering\resources/templates
2024-11-15 14:57:26,436 - DocumentProcessor - INFO - Looking for templates in: c:\Users\jbs\Code\AutoKvittering\resources/templates
2024-11-15 14:57:26,438 - DocumentProcessor - INFO - Found templates: ['Brugeroplysninger_skabelon.docx', 'Lagermedarbejder_skabelon.docx']
2024-11-15 14:57:26,438 - DocumentProcessor - INFO - Found templates: ['Brugeroplysninger_skabelon.docx', 'Lagermedarbejder_skabelon.docx']
2024-11-15 14:57:26,438 - DocumentProcessor - INFO - Found templates: ['Brugeroplysninger_skabelon.docx', 'Lagermedarbejder_skabelon.docx']
2024-11-15 14:57:26,438 - DocumentProcessor - INFO - Found templates: ['Brugeroplysninger_skabelon.docx', 'Lagermedarbejder_skabelon.docx']
2024-11-15 14:57:26,438 - DocumentProcessor - INFO - Found templates: ['Brugeroplysninger_skabelon.docx', 'Lagermedarbejder_skabelon.docx']
2024-11-15 15:01:33,668 - DocumentProcessor - INFO - Starting application
2024-11-15 15:01:33,671 - DocumentProcessor - INFO - Custom theme loaded successfully
2024-11-15 15:01:33,671 - DocumentProcessor - INFO - Custom theme loaded successfully
2024-11-15 15:01:33,671 - DocumentProcessor - INFO - Custom theme loaded successfully
2024-11-15 15:01:33,671 - DocumentProcessor - INFO - Custom theme loaded successfully
2024-11-15 15:01:33,671 - DocumentProcessor - INFO - Custom theme loaded successfully
2024-11-15 15:01:33,779 - DocumentProcessor - INFO - Looking for templates in: c:\Users\jbs\Code\AutoKvittering\resources/templates
2024-11-15 15:01:33,779 - DocumentProcessor - INFO - Looking for templates in: c:\Users\jbs\Code\AutoKvittering\resources/templates
2024-11-15 15:01:33,779 - DocumentProcessor - INFO - Looking for templates in: c:\Users\jbs\Code\AutoKvittering\resources/templates
2024-11-15 15:01:33,779 - DocumentProcessor - INFO - Looking for templates in: c:\Users\jbs\Code\AutoKvittering\resources/templates
2024-11-15 15:01:33,779 - DocumentProcessor - INFO - Looking for templates in: c:\Users\jbs\Code\AutoKvittering\resources/templates
2024-11-15 15:01:33,782 - DocumentProcessor - INFO - Found templates: ['Brugeroplysninger_skabelon.docx', 'Lagermedarbejder_skabelon.docx']
2024-11-15 15:01:33,782 - DocumentProcessor - INFO - Found templates: ['Brugeroplysninger_skabelon.docx', 'Lagermedarbejder_skabelon.docx']
2024-11-15 15:01:33,782 - DocumentProcessor - INFO - Found templates: ['Brugeroplysninger_skabelon.docx', 'Lagermedarbejder_skabelon.docx']
2024-11-15 15:01:33,782 - DocumentProcessor - INFO - Found templates: ['Brugeroplysninger_skabelon.docx', 'Lagermedarbejder_skabelon.docx']
2024-11-15 15:01:33,782 - DocumentProcessor - INFO - Found templates: ['Brugeroplysninger_skabelon.docx', 'Lagermedarbejder_skabelon.docx']
2024-11-15 15:01:45,040 - DocumentProcessor - INFO - Starting application
2024-11-15 15:01:45,044 - DocumentProcessor - INFO - Custom theme loaded successfully
2024-11-15 15:01:45,044 - DocumentProcessor - INFO - Custom theme loaded successfully
2024-11-15 15:01:45,044 - DocumentProcessor - INFO - Custom theme loaded successfully
2024-11-15 15:01:45,044 - DocumentProcessor - INFO - Custom theme loaded successfully
2024-11-15 15:01:45,044 - DocumentProcessor - INFO - Custom theme loaded successfully
2024-11-15 15:01:45,173 - DocumentProcessor - INFO - Looking for templates in: c:\Users\jbs\Code\AutoKvittering\resources/templates
2024-11-15 15:01:45,173 - DocumentProcessor - INFO - Looking for templates in: c:\Users\jbs\Code\AutoKvittering\resources/templates
2024-11-15 15:01:45,173 - DocumentProcessor - INFO - Looking for templates in: c:\Users\jbs\Code\AutoKvittering\resources/templates
2024-11-15 15:01:45,173 - DocumentProcessor - INFO - Looking for templates in: c:\Users\jbs\Code\AutoKvittering\resources/templates
2024-11-15 15:01:45,173 - DocumentProcessor - INFO - Looking for templates in: c:\Users\jbs\Code\AutoKvittering\resources/templates
2024-11-15 15:01:45,176 - DocumentProcessor - INFO - Found templates: ['Brugeroplysninger_skabelon.docx', 'Lagermedarbejder_skabelon.docx']
2024-11-15 15:01:45,176 - DocumentProcessor - INFO - Found templates: ['Brugeroplysninger_skabelon.docx', 'Lagermedarbejder_skabelon.docx']
2024-11-15 15:01:45,176 - DocumentProcessor - INFO - Found templates: ['Brugeroplysninger_skabelon.docx', 'Lagermedarbejder_skabelon.docx']
2024-11-15 15:01:45,176 - DocumentProcessor - INFO - Found templates: ['Brugeroplysninger_skabelon.docx', 'Lagermedarbejder_skabelon.docx']
2024-11-15 15:01:45,176 - DocumentProcessor - INFO - Found templates: ['Brugeroplysninger_skabelon.docx', 'Lagermedarbejder_skabelon.docx']
2024-11-15 15:03:01,414 - DocumentProcessor - INFO - Starting application
2024-11-15 15:03:01,417 - DocumentProcessor - INFO - Custom theme loaded successfully
2024-11-15 15:03:01,417 - DocumentProcessor - INFO - Custom theme loaded successfully
2024-11-15 15:03:01,417 - DocumentProcessor - INFO - Custom theme loaded successfully
2024-11-15 15:03:01,417 - DocumentProcessor - INFO - Custom theme loaded successfully
2024-11-15 15:03:01,417 - DocumentProcessor - INFO - Custom theme loaded successfully
2024-11-15 15:03:01,526 - DocumentProcessor - INFO - Looking for templates in: c:\Users\jbs\Code\AutoKvittering\resources/templates
2024-11-15 15:03:01,526 - DocumentProcessor - INFO - Looking for templates in: c:\Users\jbs\Code\AutoKvittering\resources/templates
2024-11-15 15:03:01,526 - DocumentProcessor - INFO - Looking for templates in: c:\Users\jbs\Code\AutoKvittering\resources/templates
2024-11-15 15:03:01,526 - DocumentProcessor - INFO - Looking for templates in: c:\Users\jbs\Code\AutoKvittering\resources/templates
2024-11-15 15:03:01,526 - DocumentProcessor - INFO - Looking for templates in: c:\Users\jbs\Code\AutoKvittering\resources/templates
2024-11-15 15:03:01,529 - DocumentProcessor - INFO - Found templates: ['Brugeroplysninger_skabelon.docx', 'Lagermedarbejder_skabelon.docx']
2024-11-15 15:03:01,529 - DocumentProcessor - INFO - Found templates: ['Brugeroplysninger_skabelon.docx', 'Lagermedarbejder_skabelon.docx']
2024-11-15 15:03:01,529 - DocumentProcessor - INFO - Found templates: ['Brugeroplysninger_skabelon.docx', 'Lagermedarbejder_skabelon.docx']
2024-11-15 15:03:01,529 - DocumentProcessor - INFO - Found templates: ['Brugeroplysninger_skabelon.docx', 'Lagermedarbejder_skabelon.docx']
2024-11-15 15:03:01,529 - DocumentProcessor - INFO - Found templates: ['Brugeroplysninger_skabelon.docx', 'Lagermedarbejder_skabelon.docx']
2024-11-15 15:03:01,545 - DocumentProcessor - ERROR - Application error: 'TemplateSelector' object has no attribute 'browse_button'
2024-11-15 15:03:01,545 - DocumentProcessor - ERROR - Application error: 'TemplateSelector' object has no attribute 'browse_button'
2024-11-15 15:03:01,545 - DocumentProcessor - ERROR - Application error: 'TemplateSelector' object has no attribute 'browse_button'
2024-11-15 15:03:01,545 - DocumentProcessor - ERROR - Application error: 'TemplateSelector' object has no attribute 'browse_button'
2024-11-15 15:03:01,545 - DocumentProcessor - ERROR - Application error: 'TemplateSelector' object has no attribute 'browse_button'
2024-11-15 15:04:32,224 - DocumentProcessor - INFO - Starting application
2024-11-15 15:04:32,227 - DocumentProcessor - INFO - Custom theme loaded successfully
2024-11-15 15:04:32,227 - DocumentProcessor - INFO - Custom theme loaded successfully
2024-11-15 15:04:32,227 - DocumentProcessor - INFO - Custom theme loaded successfully
2024-11-15 15:04:32,227 - DocumentProcessor - INFO - Custom theme loaded successfully
2024-11-15 15:04:32,227 - DocumentProcessor - INFO - Custom theme loaded successfully
2024-11-15 15:04:32,358 - DocumentProcessor - INFO - Looking for templates in: c:\Users\jbs\Code\AutoKvittering\resources/templates
2024-11-15 15:04:32,358 - DocumentProcessor - INFO - Looking for templates in: c:\Users\jbs\Code\AutoKvittering\resources/templates
2024-11-15 15:04:32,358 - DocumentProcessor - INFO - Looking for templates in: c:\Users\jbs\Code\AutoKvittering\resources/templates
2024-11-15 15:04:32,358 - DocumentProcessor - INFO - Looking for templates in: c:\Users\jbs\Code\AutoKvittering\resources/templates
2024-11-15 15:04:32,358 - DocumentProcessor - INFO - Looking for templates in: c:\Users\jbs\Code\AutoKvittering\resources/templates
2024-11-15 15:04:32,361 - DocumentProcessor - INFO - Found templates: ['Brugeroplysninger_skabelon.docx', 'Lagermedarbejder_skabelon.docx']
2024-11-15 15:04:32,361 - DocumentProcessor - INFO - Found templates: ['Brugeroplysninger_skabelon.docx', 'Lagermedarbejder_skabelon.docx']
2024-11-15 15:04:32,361 - DocumentProcessor - INFO - Found templates: ['Brugeroplysninger_skabelon.docx', 'Lagermedarbejder_skabelon.docx']
2024-11-15 15:04:32,361 - DocumentProcessor - INFO - Found templates: ['Brugeroplysninger_skabelon.docx', 'Lagermedarbejder_skabelon.docx']
2024-11-15 15:04:32,361 - DocumentProcessor - INFO - Found templates: ['Brugeroplysninger_skabelon.docx', 'Lagermedarbejder_skabelon.docx']
2024-11-15 15:04:32,383 - DocumentProcessor - ERROR - Application error: customtkinter.windows.widgets.core_widget_classes.ctk_base_class.CTkBaseClass.pack() got multiple values for keyword argument 'fill'
2024-11-15 15:04:32,383 - DocumentProcessor - ERROR - Application error: customtkinter.windows.widgets.core_widget_classes.ctk_base_class.CTkBaseClass.pack() got multiple values for keyword argument 'fill'
2024-11-15 15:04:32,383 - DocumentProcessor - ERROR - Application error: customtkinter.windows.widgets.core_widget_classes.ctk_base_class.CTkBaseClass.pack() got multiple values for keyword argument 'fill'
2024-11-15 15:04:32,383 - DocumentProcessor - ERROR - Application error: customtkinter.windows.widgets.core_widget_classes.ctk_base_class.CTkBaseClass.pack() got multiple values for keyword argument 'fill'
2024-11-15 15:04:32,383 - DocumentProcessor - ERROR - Application error: customtkinter.windows.widgets.core_widget_classes.ctk_base_class.CTkBaseClass.pack() got multiple values for keyword argument 'fill'
2024-11-15 15:05:30,613 - DocumentProcessor - INFO - Starting application
2024-11-15 15:05:30,615 - DocumentProcessor - INFO - Custom theme loaded successfully
2024-11-15 15:05:30,615 - DocumentProcessor - INFO - Custom theme loaded successfully
2024-11-15 15:05:30,615 - DocumentProcessor - INFO - Custom theme loaded successfully
2024-11-15 15:05:30,615 - DocumentProcessor - INFO - Custom theme loaded successfully
2024-11-15 15:05:30,615 - DocumentProcessor - INFO - Custom theme loaded successfully
2024-11-15 15:05:30,756 - DocumentProcessor - INFO - Looking for templates in: c:\Users\jbs\Code\AutoKvittering\resources/templates
2024-11-15 15:05:30,756 - DocumentProcessor - INFO - Looking for templates in: c:\Users\jbs\Code\AutoKvittering\resources/templates
2024-11-15 15:05:30,756 - DocumentProcessor - INFO - Looking for templates in: c:\Users\jbs\Code\AutoKvittering\resources/templates
2024-11-15 15:05:30,756 - DocumentProcessor - INFO - Looking for templates in: c:\Users\jbs\Code\AutoKvittering\resources/templates
2024-11-15 15:05:30,756 - DocumentProcessor - INFO - Looking for templates in: c:\Users\jbs\Code\AutoKvittering\resources/templates
2024-11-15 15:05:30,758 - DocumentProcessor - INFO - Found templates: ['Brugeroplysninger_skabelon.docx', 'Lagermedarbejder_skabelon.docx']
2024-11-15 15:05:30,758 - DocumentProcessor - INFO - Found templates: ['Brugeroplysninger_skabelon.docx', 'Lagermedarbejder_skabelon.docx']
2024-11-15 15:05:30,758 - DocumentProcessor - INFO - Found templates: ['Brugeroplysninger_skabelon.docx', 'Lagermedarbejder_skabelon.docx']
2024-11-15 15:05:30,758 - DocumentProcessor - INFO - Found templates: ['Brugeroplysninger_skabelon.docx', 'Lagermedarbejder_skabelon.docx']
2024-11-15 15:05:30,758 - DocumentProcessor - INFO - Found templates: ['Brugeroplysninger_skabelon.docx', 'Lagermedarbejder_skabelon.docx']
2024-11-15 15:05:44,692 - DocumentProcessor - INFO - Starting application
2024-11-15 15:05:44,695 - DocumentProcessor - INFO - Custom theme loaded successfully
2024-11-15 15:05:44,695 - DocumentProcessor - INFO - Custom theme loaded successfully
2024-11-15 15:05:44,695 - DocumentProcessor - INFO - Custom theme loaded successfully
2024-11-15 15:05:44,695 - DocumentProcessor - INFO - Custom theme loaded successfully
2024-11-15 15:05:44,695 - DocumentProcessor - INFO - Custom theme loaded successfully
2024-11-15 15:05:44,836 - DocumentProcessor - INFO - Looking for templates in: c:\Users\jbs\Code\AutoKvittering\resources/templates
2024-11-15 15:05:44,836 - DocumentProcessor - INFO - Looking for templates in: c:\Users\jbs\Code\AutoKvittering\resources/templates
2024-11-15 15:05:44,836 - DocumentProcessor - INFO - Looking for templates in: c:\Users\jbs\Code\AutoKvittering\resources/templates
2024-11-15 15:05:44,836 - DocumentProcessor - INFO - Looking for templates in: c:\Users\jbs\Code\AutoKvittering\resources/templates
2024-11-15 15:05:44,836 - DocumentProcessor - INFO - Looking for templates in: c:\Users\jbs\Code\AutoKvittering\resources/templates
2024-11-15 15:05:44,845 - DocumentProcessor - INFO - Found templates: ['Brugeroplysninger_skabelon.docx', 'Lagermedarbejder_skabelon.docx']
2024-11-15 15:05:44,845 - DocumentProcessor - INFO - Found templates: ['Brugeroplysninger_skabelon.docx', 'Lagermedarbejder_skabelon.docx']
2024-11-15 15:05:44,845 - DocumentProcessor - INFO - Found templates: ['Brugeroplysninger_skabelon.docx', 'Lagermedarbejder_skabelon.docx']
2024-11-15 15:05:44,845 - DocumentProcessor - INFO - Found templates: ['Brugeroplysninger_skabelon.docx', 'Lagermedarbejder_skabelon.docx']
2024-11-15 15:05:44,845 - DocumentProcessor - INFO - Found templates: ['Brugeroplysninger_skabelon.docx', 'Lagermedarbejder_skabelon.docx']
